2026-01-20T11:08:02.927+0100 [grizzly-http-server-0] INFO  it.cnr.isti.labsedc.concern.ConcernApp - 

-----------------------------------------------------
- NEW MONITORING SESSION - ALL COMPONENTS RESTARTED -
-----------------------------------------------------



2026-01-20T11:08:02.929+0100 [grizzly-http-server-0] INFO  it.cnr.isti.labsedc.concern.ConcernApp - Starting components
2026-01-20T11:08:02.932+0100 [grizzly-http-server-0] DEBUG it.cnr.isti.labsedc.concern.ConcernApp - ConcernApp is launching the broker.
2026-01-20T11:08:02.932+0100 [grizzly-http-server-0] INFO  it.cnr.isti.labsedc.concern.broker.ActiveMQBrokerManager - Start SSL Broker
2026-01-20T11:08:02.941+0100 [grizzly-http-server-0] DEBUG it.cnr.isti.labsedc.concern.broker.ActiveMQBrokerManager - Creating TrasportConnector
2026-01-20T11:08:03.102+0100 [grizzly-http-server-0] DEBUG it.cnr.isti.labsedc.concern.broker.ActiveMQBrokerManager - Waiting for broker start
2026-01-20T11:08:03.103+0100 [grizzly-http-server-0] DEBUG it.cnr.isti.labsedc.concern.broker.ActiveMQBrokerManager - broker started
2026-01-20T11:08:03.103+0100 [grizzly-http-server-0] DEBUG it.cnr.isti.labsedc.concern.broker.ActiveMQBrokerManager - Enabling SSL ConnectionFactory
2026-01-20T11:08:03.125+0100 [grizzly-http-server-0] DEBUG it.cnr.isti.labsedc.concern.broker.ActiveMQBrokerManager - Connection sucessfully created
2026-01-20T11:08:03.125+0100 [grizzly-http-server-0] DEBUG it.cnr.isti.labsedc.concern.broker.ActiveMQBrokerManager - Component ActiveMQBrokerManager loaded in registry.
2026-01-20T11:08:03.126+0100 [grizzly-http-server-0] DEBUG it.cnr.isti.labsedc.concern.ConcernApp - ConcernApp broker launched.
2026-01-20T11:08:03.126+0100 [grizzly-http-server-0] INFO  it.cnr.isti.labsedc.concern.ConcernApp - Connecting to ActiveMQ
2026-01-20T11:08:03.126+0100 [grizzly-http-server-0] INFO  it.cnr.isti.labsedc.concern.ConcernApp - Connected to ActiveMQ
2026-01-20T11:08:03.126+0100 [grizzly-http-server-0] DEBUG it.cnr.isti.labsedc.concern.register.ChannelsManagementRegistry - into ChannelsManagementRegistry
2026-01-20T11:08:03.126+0100 [grizzly-http-server-0] DEBUG it.cnr.isti.labsedc.concern.register.ChannelsManagementRegistry - ChannelsManagementRegistry started
2026-01-20T11:08:03.126+0100 [grizzly-http-server-0] DEBUG it.cnr.isti.labsedc.concern.register.ChannelsManagementRegistry - ChannelsManagementRegistry loaded in registry.
2026-01-20T11:08:03.127+0100 [grizzly-http-server-0] DEBUG it.cnr.isti.labsedc.concern.ConcernApp - Channels Management Registry created
2026-01-20T11:08:03.513+0100 [grizzly-http-server-0] INFO  it.cnr.isti.labsedc.concern.cep.DroolsComplexEventProcessorManager - CEP creation 
2026-01-20T11:08:03.524+0100 [grizzly-http-server-0] INFO  it.cnr.isti.labsedc.concern.cep.EsperComplexEventProcessorManager - CEP creation 
2026-01-20T11:08:03.534+0100 [Thread-6] INFO  it.cnr.isti.labsedc.concern.cep.EsperComplexEventProcessorManager - ...CEP named InstanceTwo creates a listening channel called: ESPER-InstanceTwo
2026-01-20T11:08:03.534+0100 [Thread-5] INFO  it.cnr.isti.labsedc.concern.cep.DroolsComplexEventProcessorManager - ...CEP named InstanceOne creates a listening channel called: DROOLS-InstanceOne
2026-01-20T11:08:03.728+0100 [Thread-5] INFO  it.cnr.isti.labsedc.concern.cep.DroolsComplexEventProcessorManager - ...CEP named InstanceOne created Session and fires rules /home/acalabro/eclipse-workspace/Concern_Monitoring_Infrastructure/src/main/resources/startupRule.drl with knowledgePackages: [[Package name=it.cnr.isti.labsedc.concern.event]]
